<?xml version="1.0" encoding="UTF-8"?>
<!-- Generated by org.testng.reporters.JUnitReportReporter -->
<testsuite hostname="ASUS-VIVOS15" failures="0" tests="1" name="com.SDET.programs.SDETAllProgramsinMaven.TestReadAndWriteData" time="1.015" errors="0" timestamp="2023-12-15T21:24:19 IST" skipped="0">
  <testcase classname="com.SDET.programs.SDETAllProgramsinMaven.TestReadAndWriteData" name="testReadAndPrintExcel" time="1.015"/>
</testsuite> <!-- com.SDET.programs.SDETAllProgramsinMaven.TestReadAndWriteData -->
