<?xml version="1.0" encoding="UTF-8"?>
<!-- Generated by org.testng.reporters.JUnitReportReporter -->
<testsuite hostname="ASUS-VIVOS15" failures="0" tests="4" name="com.SDET.programs.SDETAllProgramsinMaven.TestNGConcepts" time="40.071" errors="0" timestamp="2023-12-15T21:24:19 IST" skipped="1">
  <testcase classname="com.SDET.programs.SDETAllProgramsinMaven.TestNGConcepts" name="testLogoPresence" time="0.068"/>
  <testcase classname="com.SDET.programs.SDETAllProgramsinMaven.TestNGConcepts" name="testRequestDemoButton" time="0.057"/>
  <testcase classname="com.SDET.programs.SDETAllProgramsinMaven.TestNGConcepts" name="testNavigationLinks" time="39.946"/>
  <testcase classname="com.SDET.programs.SDETAllProgramsinMaven.TestNGConcepts" name="testmethod">
    <skipped/>
  </testcase> <!-- testmethod -->
</testsuite> <!-- com.SDET.programs.SDETAllProgramsinMaven.TestNGConcepts -->
